[    0.000000] Initializing cgroup subsys cpuset
[    0.000000] Initializing cgroup subsys cpu
[    0.000000] Initializing cgroup subsys cpuacct
[    0.000000] Linux version 4.4.0-177-generic (buildd@lgw01-amd64-035) (gcc version 5.4.0 20160609 (Ubuntu 5.4.0-6ubuntu1~16.04.12) ) #207-Ubuntu SMP Mon Mar 16 01:16:10 UTC 2020 (Ubuntu 4.4.0-177.207-generic 4.4.214)
[    0.000000] Command line: BOOT_IMAGE=/boot/vmlinuz-4.4.0-177-generic root=LABEL=cloudimg-rootfs ro console=tty1 console=ttyS0
[    0.000000] KERNEL supported cpus:
[    0.000000]   Intel GenuineIntel
[    0.000000]   AMD AuthenticAMD
[    0.000000]   Centaur CentaurHauls
[    0.000000] x86/fpu: xstate_offset[2]:  576, xstate_sizes[2]:  256
[    0.000000] x86/fpu: Supporting XSAVE feature 0x01: 'x87 floating point registers'
[    0.000000] x86/fpu: Supporting XSAVE feature 0x02: 'SSE registers'
[    0.000000] x86/fpu: Supporting XSAVE feature 0x04: 'AVX registers'
[    0.000000] x86/fpu: Enabled xstate features 0x7, context size is 832 bytes, using 'standard' format.
[    0.000000] e820: BIOS-provided physical RAM map:
[    0.000000] BIOS-e820: [mem 0x0000000000000000-0x000000000009fbff] usable
[    0.000000] BIOS-e820: [mem 0x000000000009fc00-0x000000000009ffff] reserved
[    0.000000] BIOS-e820: [mem 0x00000000000f0000-0x00000000000fffff] reserved
[    0.000000] BIOS-e820: [mem 0x0000000000100000-0x000000003ffeffff] usable
[    0.000000] BIOS-e820: [mem 0x000000003fff0000-0x000000003fffffff] ACPI data
[    0.000000] BIOS-e820: [mem 0x00000000fec00000-0x00000000fec00fff] reserved
[    0.000000] BIOS-e820: [mem 0x00000000fee00000-0x00000000fee00fff] reserved
[    0.000000] BIOS-e820: [mem 0x00000000fffc0000-0x00000000ffffffff] reserved
[    0.000000] NX (Execute Disable) protection: active
[    0.000000] SMBIOS 2.5 present.
[    0.000000] Hypervisor detected: KVM
[    0.000000] e820: last_pfn = 0x3fff0 max_arch_pfn = 0x400000000
[    0.000000] MTRR: Disabled
[    0.000000] x86/PAT: MTRRs disabled, skipping PAT initialization too.
[    0.000000] CPU MTRRs all blank - virtualized system.
[    0.000000] x86/PAT: Configuration [0-7]: WB  WT  UC- UC  WB  WT  UC- UC  
[    0.000000] found SMP MP-table at [mem 0x0009fff0-0x0009ffff] mapped at [ffff88000009fff0]
[    0.000000] Scanning 1 areas for low memory corruption
[    0.000000] RAMDISK: [mem 0x362e4000-0x37169fff]
[    0.000000] ACPI: Early table checksum verification disabled
[    0.000000] ACPI: RSDP 0x00000000000E0000 000024 (v02 VBOX  )
[    0.000000] ACPI: XSDT 0x000000003FFF0030 00003C (v01 VBOX   VBOXXSDT 00000001 ASL  00000061)
[    0.000000] ACPI: FACP 0x000000003FFF00F0 0000F4 (v04 VBOX   VBOXFACP 00000001 ASL  00000061)
[    0.000000] ACPI: DSDT 0x000000003FFF0470 002325 (v02 VBOX   VBOXBIOS 00000002 INTL 20100528)
[    0.000000] ACPI: FACS 0x000000003FFF0200 000040
[    0.000000] ACPI: FACS 0x000000003FFF0200 000040
[    0.000000] ACPI: APIC 0x000000003FFF0240 00005C (v02 VBOX   VBOXAPIC 00000001 ASL  00000061)
[    0.000000] ACPI: SSDT 0x000000003FFF02A0 0001CC (v01 VBOX   VBOXCPUT 00000002 INTL 20100528)
[    0.000000] No NUMA configuration found
[    0.000000] Faking a node at [mem 0x0000000000000000-0x000000003ffeffff]
[    0.000000] NODE_DATA(0) allocated [mem 0x3ffeb000-0x3ffeffff]
[    0.000000] kvm-clock: Using msrs 4b564d01 and 4b564d00
[    0.000000] kvm-clock: cpu 0, msr 0:3ffe3001, primary cpu clock
[    0.000000] kvm-clock: using sched offset of 3794319580 cycles
[    0.000000] clocksource: kvm-clock: mask: 0xffffffffffffffff max_cycles: 0x1cd42e4dffb, max_idle_ns: 881590591483 ns
[    0.000000] Zone ranges:
[    0.000000]   DMA      [mem 0x0000000000001000-0x0000000000ffffff]
[    0.000000]   DMA32    [mem 0x0000000001000000-0x000000003ffeffff]
[    0.000000]   Normal   empty
[    0.000000]   Device   empty
[    0.000000] Movable zone start for each node
[    0.000000] Early memory node ranges
[    0.000000]   node   0: [mem 0x0000000000001000-0x000000000009efff]
[    0.000000]   node   0: [mem 0x0000000000100000-0x000000003ffeffff]
[    0.000000] Initmem setup node 0 [mem 0x0000000000001000-0x000000003ffeffff]
[    0.000000] ACPI: PM-Timer IO Port: 0x4008
[    0.000000] IOAPIC[0]: apic_id 2, version 32, address 0xfec00000, GSI 0-23
[    0.000000] ACPI: INT_SRC_OVR (bus 0 bus_irq 0 global_irq 2 dfl dfl)
[    0.000000] ACPI: INT_SRC_OVR (bus 0 bus_irq 9 global_irq 9 low level)
[    0.000000] Using ACPI (MADT) for SMP configuration information
[    0.000000] smpboot: Allowing 2 CPUs, 0 hotplug CPUs
[    0.000000] PM: Registered nosave memory: [mem 0x00000000-0x00000fff]
[    0.000000] PM: Registered nosave memory: [mem 0x0009f000-0x0009ffff]
[    0.000000] PM: Registered nosave memory: [mem 0x000a0000-0x000effff]
[    0.000000] PM: Registered nosave memory: [mem 0x000f0000-0x000fffff]
[    0.000000] e820: [mem 0x40000000-0xfebfffff] available for PCI devices
[    0.000000] Booting paravirtualized kernel on KVM
[    0.000000] clocksource: refined-jiffies: mask: 0xffffffff max_cycles: 0xffffffff, max_idle_ns: 7645519600211568 ns
[    0.000000] setup_percpu: NR_CPUS:512 nr_cpumask_bits:512 nr_cpu_ids:2 nr_node_ids:1
[    0.000000] PERCPU: Embedded 33 pages/cpu @ffff88003fc00000 s95448 r8192 d31528 u1048576
[    0.000000] Built 1 zonelists in Node order, mobility grouping on.  Total pages: 257912
[    0.000000] Policy zone: DMA32
[    0.000000] Kernel command line: BOOT_IMAGE=/boot/vmlinuz-4.4.0-177-generic root=LABEL=cloudimg-rootfs ro console=tty1 console=ttyS0
[    0.000000] PID hash table entries: 4096 (order: 3, 32768 bytes)
[    0.000000] Memory: 997680K/1048120K available (8626K kernel code, 1336K rwdata, 4036K rodata, 1488K init, 1292K bss, 50440K reserved, 0K cma-reserved)
[    0.000000] SLUB: HWalign=64, Order=0-3, MinObjects=0, CPUs=2, Nodes=1
[    0.000000] Kernel/User page tables isolation: enabled
[    0.000000] Hierarchical RCU implementation.
[    0.000000] 	Build-time adjustment of leaf fanout to 64.
[    0.000000] 	RCU restricting CPUs from NR_CPUS=512 to nr_cpu_ids=2.
[    0.000000] RCU: Adjusting geometry for rcu_fanout_leaf=64, nr_cpu_ids=2
[    0.000000] NR_IRQS:33024 nr_irqs:440 16
[    0.000000] Console: colour VGA+ 80x25
[    0.000000] console [tty1] enabled
[    0.000000] console [ttyS0] enabled
[    0.000000] tsc: Detected 2807.998 MHz processor
[    0.167583] Calibrating delay loop (skipped) preset value.. 5615.99 BogoMIPS (lpj=11231992)
[    0.170446] pid_max: default: 32768 minimum: 301
[    0.172147] ACPI: Core revision 20150930
[    0.174767] ACPI: 2 ACPI AML tables successfully acquired and loaded
[    0.176985] Security Framework initialized
[    0.178449] Yama: becoming mindful.
[    0.179691] AppArmor: AppArmor initialized
[    0.181173] Dentry cache hash table entries: 131072 (order: 8, 1048576 bytes)
[    0.185396] Inode-cache hash table entries: 65536 (order: 7, 524288 bytes)
[    0.187678] Mount-cache hash table entries: 2048 (order: 2, 16384 bytes)
[    0.189919] Mountpoint-cache hash table entries: 2048 (order: 2, 16384 bytes)
[    0.192434] Initializing cgroup subsys io
[    0.193932] Initializing cgroup subsys memory
[    0.195551] Initializing cgroup subsys devices
[    0.197010] Initializing cgroup subsys freezer
[    0.198542] Initializing cgroup subsys net_cls
[    0.200036] Initializing cgroup subsys perf_event
[    0.201569] Initializing cgroup subsys net_prio
[    0.203644] Initializing cgroup subsys hugetlb
[    0.205149] Initializing cgroup subsys pids
[    0.221608] mce: CPU supports 0 MCE banks
[    0.223435] Last level iTLB entries: 4KB 64, 2MB 8, 4MB 8
[    0.225132] Last level dTLB entries: 4KB 64, 2MB 0, 4MB 0, 1GB 4
[    0.227135] Spectre V1 : Mitigation: usercopy/swapgs barriers and __user pointer sanitization
[    0.229973] Spectre V2 : Mitigation: Full generic retpoline
[    0.231717] Spectre V2 : Spectre v2 / SpectreRSB mitigation: Filling RSB on context switch
[    0.234469] Speculative Store Bypass: Vulnerable
[    0.236249] MDS: Mitigation: Clear CPU buffers
[    0.241080] Freeing SMP alternatives memory: 36K
[    0.250164] ftrace: allocating 32304 entries in 127 pages
[    0.314959] smpboot: APIC(0) Converting physical 0 to logical package 0
[    0.317069] smpboot: Max logical packages: 1
[    0.318705] x2apic enabled
[    0.319916] Switched APIC routing to physical x2apic.
[    0.322728] ..TIMER: vector=0x30 apic1=0 pin1=2 apic2=-1 pin2=-1
[    0.432979] smpboot: CPU0: Intel(R) Core(TM) i7-7700HQ CPU @ 2.80GHz (family: 0x6, model: 0x9e, stepping: 0x9)
[    0.436475] Performance Events: unsupported p6 CPU model 158 no PMU driver, software events only.
[    0.450116] KVM setup paravirtual spinlock
[    0.452127] x86: Booting SMP configuration:
[    0.453332] .... node  #0, CPUs:      #1
[    0.454611] kvm-clock: cpu 1, msr 0:3ffe3041, secondary cpu clock
[    0.471219] mce: CPU supports 0 MCE banks
[    0.474414] x86: Booted up 1 node, 2 CPUs
[    0.476053] smpboot: Total of 2 processors activated (11231.99 BogoMIPS)
[    0.478574] devtmpfs: initialized
[    0.482143] evm: security.selinux
[    0.483683] evm: security.SMACK64
[    0.484841] evm: security.SMACK64EXEC
[    0.486107] evm: security.SMACK64TRANSMUTE
[    0.487505] evm: security.SMACK64MMAP
[    0.488851] evm: security.ima
[    0.490184] evm: security.capability
[    0.491415] clocksource: jiffies: mask: 0xffffffff max_cycles: 0xffffffff, max_idle_ns: 7645041785100000 ns
[    0.494177] futex hash table entries: 512 (order: 3, 32768 bytes)
[    0.496342] pinctrl core: initialized pinctrl subsystem
[    0.498178] RTC time: 20:09:08, date: 10/20/20
[    0.499996] NET: Registered protocol family 16
[    0.510304] cpuidle: using governor ladder
[    0.521980] cpuidle: using governor menu
[    0.523143] PCCT header not found.
[    0.524281] ACPI: bus type PCI registered
[    0.525208] acpiphp: ACPI Hot Plug PCI Controller Driver version: 0.5
[    0.527258] PCI: Using configuration type 1 for base access
[    0.542516] ACPI: Added _OSI(Module Device)
[    0.544085] ACPI: Added _OSI(Processor Device)
[    0.545290] ACPI: Added _OSI(3.0 _SCP Extensions)
[    0.546882] ACPI: Added _OSI(Processor Aggregator Device)
[    0.548974] ACPI: Executed 1 blocks of module-level executable AML code
[    0.553117] ACPI: Interpreter enabled
[    0.554378] ACPI: (supports S0 S5)
[    0.555396] ACPI: Using IOAPIC for interrupt routing
[    0.556859] PCI: Using host bridge windows from ACPI; if necessary, use "pci=nocrs" and report a bug
[    0.564797] ACPI: PCI Root Bridge [PCI0] (domain 0000 [bus 00-ff])
[    0.566891] acpi PNP0A03:00: _OSC: OS supports [ASPM ClockPM Segments MSI]
[    0.569063] acpi PNP0A03:00: _OSC: not requesting OS control; OS requires [ExtendedConfig ASPM ClockPM MSI]
[    0.572075] acpi PNP0A03:00: fail to add MMCONFIG information, can't access extended PCI configuration space under this bridge.
[    0.575452] PCI host bridge to bus 0000:00
[    0.576419] pci_bus 0000:00: root bus resource [io  0x0000-0x0cf7 window]
[    0.577779] pci_bus 0000:00: root bus resource [io  0x0d00-0xffff window]
[    0.579193] pci_bus 0000:00: root bus resource [mem 0x000a0000-0x000bffff window]
[    0.580827] pci_bus 0000:00: root bus resource [mem 0x40000000-0xfdffffff window]
[    0.582506] pci_bus 0000:00: root bus resource [bus 00-ff]
[    0.586091] pci 0000:00:01.1: legacy IDE quirk: reg 0x10: [io  0x01f0-0x01f7]
[    0.588874] pci 0000:00:01.1: legacy IDE quirk: reg 0x14: [io  0x03f6]
[    0.591170] pci 0000:00:01.1: legacy IDE quirk: reg 0x18: [io  0x0170-0x0177]
[    0.593304] pci 0000:00:01.1: legacy IDE quirk: reg 0x1c: [io  0x0376]
[    0.621257] pci 0000:00:07.0: quirk: [io  0x4000-0x403f] claimed by PIIX4 ACPI
[    0.623195] pci 0000:00:07.0: quirk: [io  0x4100-0x410f] claimed by PIIX4 SMB
[    0.630656] ACPI: PCI Interrupt Link [LNKA] (IRQs 5 9 10 *11)
[    0.632934] ACPI: PCI Interrupt Link [LNKB] (IRQs 5 9 *10 11)
[    0.634720] ACPI: PCI Interrupt Link [LNKC] (IRQs 5 *9 10 11)
[    0.636499] ACPI: PCI Interrupt Link [LNKD] (IRQs 5 9 10 *11)
[    0.638196] ACPI: Enabled 2 GPEs in block 00 to 07
[    0.639732] vgaarb: setting as boot device: PCI:0000:00:02.0
[    0.641149] vgaarb: device added: PCI:0000:00:02.0,decodes=io+mem,owns=io+mem,locks=none
[    0.643873] vgaarb: loaded
[    0.644561] vgaarb: bridge control possible 0000:00:02.0
[    0.646110] SCSI subsystem initialized
[    0.647293] ACPI: bus type USB registered
[    0.648579] usbcore: registered new interface driver usbfs
[    0.649780] usbcore: registered new interface driver hub
[    0.650971] usbcore: registered new device driver usb
[    0.652299] PCI: Using ACPI for IRQ routing
[    0.655055] NetLabel: Initializing
[    0.656049] NetLabel:  domain hash size = 128
[    0.657090] NetLabel:  protocols = UNLABELED CIPSOv4
[    0.658170] NetLabel:  unlabeled traffic allowed by default
[    0.659596] amd_nb: Cannot enumerate AMD northbridges
[    0.660997] clocksource: Switched to clocksource kvm-clock
[    0.672901] AppArmor: AppArmor Filesystem Enabled
[    0.674717] pnp: PnP ACPI init
[    0.677606] pnp: PnP ACPI: found 3 devices
[    0.691587] clocksource: acpi_pm: mask: 0xffffff max_cycles: 0xffffff, max_idle_ns: 2085701024 ns
[    0.694825] NET: Registered protocol family 2
[    0.696498] TCP established hash table entries: 8192 (order: 4, 65536 bytes)
[    0.699245] TCP bind hash table entries: 8192 (order: 5, 131072 bytes)
[    0.701507] TCP: Hash tables configured (established 8192 bind 8192)
[    0.703694] UDP hash table entries: 512 (order: 2, 16384 bytes)
[    0.705697] UDP-Lite hash table entries: 512 (order: 2, 16384 bytes)
[    0.707742] NET: Registered protocol family 1
[    0.709223] pci 0000:00:00.0: Limiting direct PCI/PCI transfers
[    0.711200] pci 0000:00:01.0: Activating ISA DMA hang workarounds
[    0.713392] Unpacking initramfs...
[    1.001606] Freeing initrd memory: 14872K
[    1.003146] clocksource: tsc: mask: 0xffffffffffffffff max_cycles: 0x2879c456dd4, max_idle_ns: 440795285767 ns
[    1.006453] platform rtc_cmos: registered platform RTC device (no PNP device found)
[    1.009045] Scanning for low memory corruption every 60 seconds
[    1.011562] audit: initializing netlink subsys (disabled)
[    1.013469] audit: type=2000 audit(1603224553.697:1): initialized
[    1.015693] Initialise system trusted keyring
[    1.017637] HugeTLB registered 2 MB page size, pre-allocated 0 pages
[    1.021033] zbud: loaded
[    1.022653] VFS: Disk quotas dquot_6.6.0
[    1.024041] VFS: Dquot-cache hash table entries: 512 (order 0, 4096 bytes)
[    1.026268] squashfs: version 4.0 (2009/01/31) Phillip Lougher
[    1.028214] fuse init (API version 7.23)
[    1.030046] Key type big_key registered
[    1.031172] Allocating IMA MOK and blacklist keyrings.
[    1.034483] Key type asymmetric registered
[    1.035850] Asymmetric key parser 'x509' registered
[    1.037642] Block layer SCSI generic (bsg) driver version 0.4 loaded (major 249)
[    1.040263] io scheduler noop registered
[    1.041512] io scheduler deadline registered (default)
[    1.043358] io scheduler cfq registered
[    1.044870] pci_hotplug: PCI Hot Plug PCI Core version: 0.5
[    1.046797] pciehp: PCI Express Hot Plug Controller Driver version: 0.4
[    1.049324] ACPI: AC Adapter [AC] (off-line)
[    1.050476] input: Power Button as /devices/LNXSYSTM:00/LNXPWRBN:00/input/input0
[    1.052223] ACPI: Power Button [PWRF]
[    1.053777] input: Sleep Button as /devices/LNXSYSTM:00/LNXSLPBN:00/input/input1
[    1.055802] ACPI: Sleep Button [SLPF]
[    1.057141] GHES: HEST is not enabled!
[    1.058543] ACPI: Battery Slot [BAT0] (battery present)
[    1.059835] Serial: 8250/16550 driver, 32 ports, IRQ sharing enabled
[    1.081958] 00:02: ttyS0 at I/O 0x3f8 (irq = 4, base_baud = 115200) is a 16550A
[    1.086954] Linux agpgart interface v0.103
[    1.089727] loop: module loaded
[    1.091338] scsi host0: ata_piix
[    1.092510] scsi host1: ata_piix
[    1.093780] ata1: PATA max UDMA/33 cmd 0x1f0 ctl 0x3f6 bmdma 0xd000 irq 14
[    1.095752] ata2: PATA max UDMA/33 cmd 0x170 ctl 0x376 bmdma 0xd008 irq 15
[    1.097923] libphy: Fixed MDIO Bus: probed
[    1.099084] tun: Universal TUN/TAP device driver, 1.6
[    1.100735] tun: (C) 1999-2004 Max Krasnyansky <maxk@qualcomm.com>
[    1.102887] PPP generic driver version 2.4.2
[    1.104175] ehci_hcd: USB 2.0 'Enhanced' Host Controller (EHCI) Driver
[    1.106176] ehci-pci: EHCI PCI platform driver
[    1.107308] ehci-platform: EHCI generic platform driver
[    1.108509] ohci_hcd: USB 1.1 'Open' Host Controller (OHCI) Driver
[    1.110114] ohci-pci: OHCI PCI platform driver
[    1.111466] ohci-platform: OHCI generic platform driver
[    1.112937] uhci_hcd: USB Universal Host Controller Interface driver
[    1.114604] i8042: PNP: PS/2 Controller [PNP0303:PS2K,PNP0f03:PS2M] at 0x60,0x64 irq 1,12
[    1.116912] serio: i8042 KBD port at 0x60,0x64 irq 1
[    1.118176] serio: i8042 AUX port at 0x60,0x64 irq 12
[    1.119620] mousedev: PS/2 mouse device common for all mice
[    1.121690] input: AT Translated Set 2 keyboard as /devices/platform/i8042/serio0/input/input2
[    1.124881] rtc_cmos rtc_cmos: rtc core: registered rtc_cmos as rtc0
[    1.126518] rtc_cmos rtc_cmos: alarms up to one day, 114 bytes nvram
[    1.127899] i2c /dev entries driver
[    1.129083] device-mapper: uevent: version 1.0.3
[    1.130339] device-mapper: ioctl: 4.34.0-ioctl (2015-10-28) initialised: dm-devel@redhat.com
[    1.132658] ledtrig-cpu: registered to indicate activity on CPUs
[    1.135085] NET: Registered protocol family 10
[    1.136561] NET: Registered protocol family 17
[    1.137981] Key type dns_resolver registered
[    1.139760] registered taskstats version 1
[    1.140936] Loading compiled-in X.509 certificates
[    1.142750] Loaded X.509 cert 'Build time autogenerated kernel key: a048edf52b07f04005c7780de0f875c713550332'
[    1.145124] zswap: loaded using pool lzo/zbud
[    1.148874] Key type trusted registered
[    1.153830] Key type encrypted registered
[    1.155012] AppArmor: AppArmor sha1 policy hashing enabled
[    1.156575] ima: No TPM chip found, activating TPM-bypass!
[    1.158140] ima: Allocated hash algorithm: sha1
[    1.159172] evm: HMAC attrs: 0x1
[    1.160389]   Magic number: 8:267:195
[    1.161359] rtc_cmos rtc_cmos: setting system clock to 2020-10-20 20:09:08 UTC (1603224548)
[    1.163440] BIOS EDD facility v0.16 2004-Jun-25, 0 devices found
[    1.164729] EDD information not available.
[    1.277912] Freeing unused kernel memory: 1488K
[    1.279039] Write protecting the kernel read-only data: 14336k
[    1.280942] Freeing unused kernel memory: 1604K
[    1.282338] Freeing unused kernel memory: 60K
Loading, please wait...
starting version 229
[    1.296762] random: systemd-udevd: uninitialized urandom read (16 bytes read, 3 bits of entropy available)
[    1.297466] random: udevadm: uninitialized urandom read (16 bytes read, 3 bits of entropy available)
[    1.297521] random: udevadm: uninitialized urandom read (16 bytes read, 3 bits of entropy available)
[    1.304893] random: systemd-udevd: uninitialized urandom read (16 bytes read, 3 bits of entropy available)
[    1.305662] random: udevadm: uninitialized urandom read (16 bytes read, 3 bits of entropy available)
[    1.305720] random: udevadm: uninitialized urandom read (16 bytes read, 3 bits of entropy available)
[    1.305864] random: udevadm: uninitialized urandom read (16 bytes read, 3 bits of entropy available)
[    1.305915] random: udevadm: uninitialized urandom read (16 bytes read, 3 bits of entropy available)
[    1.305963] random: udevadm: uninitialized urandom read (16 bytes read, 3 bits of entropy available)
[    1.306011] random: udevadm: uninitialized urandom read (16 bytes read, 3 bits of entropy available)
[    1.372784] e1000: Intel(R) PRO/1000 Network Driver - version 7.3.21-k8-NAPI
[    1.376208] e1000: Copyright (c) 1999-2006 Intel Corporation.
[    1.434658] Fusion MPT base driver 3.04.20
[    1.436743] Copyright (c) 1999-2008 LSI Corporation
[    1.448460] Fusion MPT SPI Host driver 3.04.20
[    1.452382] AVX2 version of gcm_enc/dec engaged.
[    1.454037] AES CTR mode by8 optimization enabled
[    1.630756] input: ImExPS/2 Generic Explorer Mouse as /devices/platform/i8042/serio1/input/input4
[    1.833899] e1000 0000:00:03.0 eth0: (PCI:33MHz:32-bit) 02:f4:cb:fd:67:72
[    1.835794] e1000 0000:00:03.0 eth0: Intel(R) PRO/1000 Network Connection
[    1.838567] mptbase: ioc0: Initiating bringup
[    1.839144] e1000 0000:00:03.0 enp0s3: renamed from eth0
[    2.021176] ioc0: LSI53C1030 A0: Capabilities={Initiator}
[    3.989783] scsi host2: ioc0: LSI53C1030 A0, FwRev=00000000h, Ports=1, MaxQ=256, IRQ=20
[    5.591306] scsi 2:0:0:0: Direct-Access     VBOX     HARDDISK         1.0  PQ: 0 ANSI: 5
[    5.598855] scsi target2:0:0: Beginning Domain Validation
[    5.605213] scsi target2:0:0: Domain Validation skipping write tests
[    5.607150] scsi target2:0:0: Ending Domain Validation
[    5.610117] scsi target2:0:0: asynchronous
[    5.613275] scsi 2:0:1:0: Direct-Access     VBOX     HARDDISK         1.0  PQ: 0 ANSI: 5
[    5.615505] scsi target2:0:1: Beginning Domain Validation
[    5.618142] scsi target2:0:1: Domain Validation skipping write tests
[    5.619501] scsi target2:0:1: Ending Domain Validation
[    5.620874] scsi target2:0:1: asynchronous
[    5.640940] sd 2:0:0:0: [sda] 20971520 512-byte logical blocks: (10.7 GB/10.0 GiB)
[    5.641164] sd 2:0:0:0: Attached scsi generic sg0 type 0
[    5.641326] sd 2:0:1:0: Attached scsi generic sg1 type 0
[    5.642080] sd 2:0:1:0: [sdb] 20480 512-byte logical blocks: (10.5 MB/10.0 MiB)
[    5.642401] sd 2:0:1:0: [sdb] Write Protect is off
[    5.642510] sd 2:0:1:0: [sdb] Incomplete mode parameter data
[    5.642511] sd 2:0:1:0: [sdb] Assuming drive cache: write through
[    5.645826] sd 2:0:1:0: [sdb] Attached SCSI disk
[    5.656604] sd 2:0:0:0: [sda] Write Protect is off
[    5.658599] sd 2:0:0:0: [sda] Incomplete mode parameter data
[    5.660057] sd 2:0:0:0: [sda] Assuming drive cache: write through
[    5.663965]  sda: sda1
[    5.666119] sd 2:0:0:0: [sda] Attached SCSI disk
Begin: Loading essential drivers ... [    6.973530] md: linear personality registered for level -1
[    6.977824] md: multipath personality registered for level -4
[    6.981497] md: raid0 personality registered for level 0
[    6.987283] md: raid1 personality registered for level 1
[    7.065266] raid6: sse2x1   gen()  7715 MB/s
[    7.133178] raid6: sse2x1   xor()  7486 MB/s
[    7.201311] raid6: sse2x2   gen()  7957 MB/s
[    7.269543] raid6: sse2x2   xor()  7584 MB/s
[    7.337078] raid6: sse2x4   gen() 12333 MB/s
[    7.405103] raid6: sse2x4   xor() 10051 MB/s
[    7.473137] raid6: avx2x1   gen() 18454 MB/s
[    7.541125] raid6: avx2x2   gen() 22448 MB/s
[    7.609349] raid6: avx2x4   gen() 26387 MB/s
[    7.610288] raid6: using algorithm avx2x4 gen() 26387 MB/s
[    7.611481] raid6: using avx2x2 recovery algorithm
[    7.613888] xor: automatically using best checksumming function:
[    7.653105]    avx       : 23368.000 MB/sec
[    7.655312] async_tx: api initialized (async)
[    7.668502] md: raid6 personality registered for level 6
[    7.669768] md: raid5 personality registered for level 5
[    7.671052] md: raid4 personality registered for level 4
[    7.679439] md: raid10 personality registered for level 10
done.
Begin: Running /scripts/init-premount ... done.
Begin: Mounting root file system ... Begin: Running /scripts/local-top ... done.
Begin: Running /scripts/local-premount ... [    7.712295] Btrfs loaded
Scanning for Btrfs filesystems
done.
Warning: fsck not present, so skipping root file system
[    7.741506] EXT4-fs (sda1): mounted filesystem with ordered data mode. Opts: (null)
done.
Begin: Running /scripts/local-bottom ... done.
Begin: Running /scripts/init-bottom ... done.
[    7.820627] systemd[1]: systemd 229 running in system mode. (+PAM +AUDIT +SELINUX +IMA +APPARMOR +SMACK +SYSVINIT +UTMP +LIBCRYPTSETUP +GCRYPT +GNUTLS +ACL +XZ -LZ4 +SECCOMP +BLKID +ELFUTILS +KMOD -IDN)
[    7.825582] systemd[1]: Detected virtualization oracle.
[    7.826757] systemd[1]: Detected architecture x86-64.

Welcome to [1mUbuntu 16.04.6 LTS[0m!

[    7.837620] systemd[1]: Set hostname to <ubuntu>.
[    7.840376] systemd[1]: Initializing machine ID from random generator.
[    7.842183] systemd[1]: Installed transient /etc/machine-id file.
[    8.004902] systemd[1]: Reached target User and Group Name Lookups.
[[0;32m  OK  [0m] Reached target User and Group Name Lookups.
[    8.017860] systemd[1]: Listening on LVM2 poll daemon socket.
[[0;32m  OK  [0m] Listening on LVM2 poll daemon socket.
[    8.021277] systemd[1]: Listening on LVM2 metadata daemon socket.
[[0;32m  OK  [0m] Listening on LVM2 metadata daemon socket.
[    8.033390] systemd[1]: Reached target Swap.
[[0;32m  OK  [0m] Reached target Swap.
[    8.041731] systemd[1]: Listening on udev Control Socket.
[[0;32m  OK  [0m] Listening on udev Control Socket.
[    8.049751] systemd[1]: Listening on Journal Socket.
[[0;32m  OK  [0m] Listening on Journal Socket.
[    8.052186] systemd[1]: Reached target System Time Synchronized.
[[0;32m  OK  [0m] Reached target System Time Synchronized.
[    8.054918] systemd[1]: Listening on Syslog Socket.
[[0;32m  OK  [0m] Listening on Syslog Socket.
[    8.066052] systemd[1]: Created slice System Slice.
[[0;32m  OK  [0m] Created slice System Slice.
[    8.093521] systemd[1]: Starting Nameserver information manager...
         Starting Nameserver information manager...
[    8.102196] systemd[1]: Mounting Debug File System...
         Mounting Debug File System...
[    8.105177] systemd[1]: Starting Create list of required static device nodes for the current kernel...
         Starting Create list of required st... nodes for the current kernel...
[    8.109659] systemd[1]: Starting Uncomplicated firewall...
         Starting Uncomplicated firewall...
[    8.113384] systemd[1]: Mounting Huge Pages File System...
         Mounting Huge Pages File System...
[    8.121496] systemd[1]: Listening on Device-mapper event daemon FIFOs.
[[0;32m  OK  [0m] Listening on Device-mapper event daemon FIFOs.
[    8.130049] systemd[1]: Starting Remount Root and Kernel File Systems...
         Starting Remount Root and Kernel File Systems...
[    8.133611] systemd[1]: Listening on Journal Socket (/dev/log).
    8.135415] EXT4-fs (sda1): re-mounted. Opts: (null)
[[0;32m  OK  [0m] Listening on Journal Socket (/dev/log).
[    8.137652] systemd[1]: Started Forward Password Requests to Wall Directory Watch.
[[0;32m  OK  [0m] Started Forward Password Requests to Wall Directory Watch.
[    8.141361] systemd[1]: Listening on /dev/initctl Compatibility Named Pipe.
[[0;32m  OK  [0m] Listening on /dev/initctl Compatibility Named Pipe.
[    8.149767] systemd[1]: Reached target Encrypted Volumes.
[[0;32m  OK  [0m] Reached target Encrypted Volumes.
[    8.152327] systemd[1]: Listening on udev Kernel Socket.
[[0;32m  OK  [0m] Listening on udev Kernel Socket.
[    8.155765] systemd[1]: Mounting POSIX Message Queue File System...
         Mounting POSIX Message Queue File System...
[    8.166389] systemd[1]: Starting Monitoring of LVM2 mirrors, snapshots etc. using dmeventd or progress polling...
         Starting Monitoring of LVM2 mirrors... dmeventd or progress polling...
[    8.170981] systemd[1]: Set up automount Arbitrary Executable File Formats File System Automount Point.
[[0;32m  OK  [0m] Set up automount Arbitrary Executab...ats File System Automount Point.
[    8.182347] systemd[1]: Starting Set console keymap...
         Starting Set console keymap...
[    8.185422] systemd[1]: Listening on Journal Audit Socket.
[[0;32m  OK  [0m] Listening on Journal Audit Socket.
[    8.190388] systemd[1]: Starting Journal Service...
         Starting Journal Service...
[    8.194085] systemd[1]: Created slice system-serial\x2dgetty.slice.
[[0;32m  OK  [0m] Created slice system-serial\x2dgetty.slice.
[    8.197211] systemd[1]: Created slice User and Session Slice.
[[0;32m  OK  [0m] Created slice User and Session Slice.
[    8.202789] systemd[1]: Reached target Slices.
[[0;32m  OK  [0m] Reached target Slices.
[    8.225293] systemd[1]: Starting Load Kernel Modules...
         Starting Load Kernel Modules...
[    8.228212] systemd[1]: Started Trigger resolvconf update for networkd DNS.
[[0;32m  OK  [0m] Started Trigger resolvconf update for networkd DNS.
[    8.236347] systemd[1]: Mounted Debug File System.
[[0;32m  OK  [0m] Mounted Debug File System.
[    8.239084] Loading iSCSI transport class v2.0-870.
[    8.240838] systemd[1]: Mounted POSIX Message Queue File System.
[[0;32m  OK  [0m] Mounted POSIX Message Queue File System.
[    8.259436] iscsi: registered transport (tcp)
[    8.261697] systemd[1]: Mounted Huge Pages File System.
[[0;32m  OK  [0m] Mounted Huge Pages File System.
[    8.265906] systemd[1]: Started Journal Service.
[[0;32m  OK  [0m] Started Journal Service.
[    8.286009] iscsi: registered transport (iser)
[[0;32m  OK  [0m] Started Create list of required sta...ce nodes for the current kernel.
[[0;32m  OK  [0m] Started Uncomplicated firewall.
[[0;32m  OK  [0m] Started Remount Root and Kernel File Systems.
[[0;32m  OK  [0m] Started Set console keymap.
[[0;32m  OK  [0m] Started Load Kernel Modules.
[[0;32m  OK  [0m] Started Nameserver information manager.
[[0;32m  OK  [0m] Started LVM2 metadata daemon.
         Mounting FUSE Control File System...
         Starting Apply Kernel Variables...
[    8.330933] random: nonblocking pool is initialized
         Starting udev Coldplug all Devices...
         Starting Load/Save Random Seed...
         Starting Create Static Device Nodes in /dev...
         Starting Flush Journal to Persistent Storage...
[[0;32m  OK  [0m] Mounted FUSE Control File System.
[[0;32m  OK  [0m] Started Apply Kernel Variables.
[[0;32m  OK  [0m] Started Load/Save Random Seed.
[[0;32m  OK  [0m] Started Flush Journal to Persistent Storage.
[[0;32m  OK  [0m] Started Create Static Device Nodes in /dev.
         Starting udev Kernel Device Manager...
[[0;32m  OK  [0m] Started udev Kernel Device Manager.
[[0;32m  OK  [0m] Started udev Coldplug all Devices.
[[0;32m  OK  [0m] Started Dispatch Password Requests to Console Directory Watch.
[[0;32m  OK  [0m] Found device /dev/ttyS0.
[[0;32m  OK  [0m] Listening on Load/Save RF Kill Switch Status /dev/rfkill Watch.
[[0;32m  OK  [0m] Started Monitoring of LVM2 mirrors,...ng dmeventd or progress polling.
[[0;32m  OK  [0m] Reached target Local File Systems (Pre).
[[0;32m  OK  [0m] Reached target Local File Systems.
         Starting Commit a transient machine-id on disk...
         Starting Set console font and keymap...
         Starting Initial cloud-init job (pre-networking)...
         Starting LSB: AppArmor initialization...
         Starting Tell Plymouth To Write Out Runtime Data...
         Starting Create Volatile Files and Directories...
[[0;32m  OK  [0m] Started Commit a transient machine-id on disk.
[[0;32m  OK  [0m] Started Tell Plymouth To Write Out Runtime Data.
[[0;32m  OK  [0m] Started Create Volatile Files and Directories.
         Starting Update UTMP about System Boot/Shutdown...
[[0;32m  OK  [0m] Started Update UTMP about System Boot/Shutdown.
[[0;32m  OK  [0m] Started Set console font and keymap.
[[0;32m  OK  [0m] Created slice system-getty.slice.
[   10.046800] cloud-init[623]: Cloud-init v. 19.4-33-gbb4131a2-0ubuntu1~16.04.1 running 'init-local' at Tue, 20 Oct 2020 20:09:17 +0000. Up 9.62 seconds.
[[0;32m  OK  [0m] Started Initial cloud-init job (pre-networking).
[[0;32m  OK  [0m] Reached target Network (Pre).
[[0;32m  OK  [0m] Started LSB: AppArmor initialization.
         Starting Raise network interfaces...
[[0;32m  OK  [0m] Started Raise network interfaces.
[[0;32m  OK  [0m] Reached target Network.
         Starting Initial cloud-init job (metadata service crawler)...
[   11.653212] cloud-init[952]: Cloud-init v. 19.4-33-gbb4131a2-0ubuntu1~16.04.1 running 'init' at Tue, 20 Oct 2020 20:09:18 +0000. Up 11.16 seconds.
[   11.655967] cloud-init[952]: ci-info: ++++++++++++++++++++++++++++++++++++++Net device info++++++++++++++++++++++++++++++++++++++
[   11.658159] cloud-init[952]: ci-info: +--------+------+----------------------------+---------------+--------+-------------------+
[   11.661341] cloud-init[952]: ci-info: | Device |  Up  |          Address           |      Mask     | Scope  |     Hw-Address    |
[   11.663877] cloud-init[952]: ci-info: +--------+------+----------------------------+---------------+--------+-------------------+
[   11.666485] cloud-init[952]: ci-info: | enp0s3 | True |         10.0.2.15          | 255.255.255.0 | global | 02:f4:cb:fd:67:72 |
[   11.669038] cloud-init[952]: ci-info: | enp0s3 | True | fe80::f4:cbff:fefd:6772/64 |       .       |  link  | 02:f4:cb:fd:67:72 |
[   11.671246] cloud-init[952]: ci-info: |   lo   | True |         127.0.0.1          |   255.0.0.0   |  host  |         .         |
[   11.673596] cloud-init[952]: ci-info: |   lo   | True |          ::1/128           |       .       |  host  |         .         |
[   11.680561] cloud-init[952]: ci-info: +--------+------+----------------------------+---------------+--------+-------------------+
[   11.688481] cloud-init[952]: ci-info: +++++++++++++++++++++++++++Route IPv4 info++++++++++++++++++++++++++++
[   11.689864] cloud-init[952]: ci-info: +-------+-------------+----------+---------------+-----------+-------+
[   11.691513] cloud-init[952]: ci-info: | Route | Destination | Gateway  |    Genmask    | Interface | Flags |
[   11.694021] cloud-init[952]: ci-info: +-------+-------------+----------+---------------+-----------+-------+
[   11.695792] cloud-init[952]: ci-info: |   0   |   0.0.0.0   | 10.0.2.2 |    0.0.0.0    |   enp0s3  |   UG  |
[   11.697453] [[0;32m  OK  [0m] Started Initial cloud-init job (metadata service crawler).
[[0;32m  OK  [0m] Reached target Cloud-config availability.
[[0;32m  OK  [0m] Reached target Network is Online.
cloud-init[952]: ci-info: |   1   |   10.0.2.0  | 0.0.0.0  | 255.255.255.0 |   enp0s3  |   U   |
[   11.712737] cloud-init[952]: ci-info: +-------+-------------+----------+---------------+-----------+-------+
[   11.714145] cloud-init[952]: ci-info: +++++++++++++++++++Route IPv6 info+++++++++++++++++++
[   11.715183] cloud-init[952]: ci-info: +-------+-------------+---------+-----------+-------+
[   11.716977] cloud-init[952]: ci-info: | Route | Destination | Gateway | Interface | Flags |
[   11.718353] cloud-init[952]: ci-info: +-------+-------------+---------+-----------+-------+
[   11.719333] cloud-init[952]: ci-info: |   0   |  fe80::/64  |    ::   |   enp0s3  |   U   |
[   11.720621] cloud-init[952]: ci-info: |   3   |   ff00::/8  |    ::   |   enp0s3  |   U   |
[   11.720897] cloud-init[952]: ci-info: +-------+-------------+---------+-----------+-------+
         Starting iSCSI initiator daemon (iscsid)...
[[   11.721263] cloud-init[952]: Generating public/private rsa key pair.
[   11.724658] cloud-init[952]: Your identification has been saved in /etc/ssh/ssh_host_rsa_key.
[0;32m  OK  [0m] Reached target System Initialization.
[[   11.725390] cloud-init[952]: Your public key has been saved in /etc/ssh/ssh_host_rsa_key.pub.
[   11.727146] cloud-init[952]: The key fingerprint is:
[0;32m  OK  [0m] Listening on ACPID Listen Socket.
[   11.727253] cloud-init[952]: SHA256:djXgiFi1fy0UMdt9PRSInb4HYmnjLwZ0TWbhR/hDe8o root@ubuntu-xenial
[   11.740445] cloud-init[952]: The key's randomart image is:
[   11.740744] cloud-init[952]: +---[RSA 2048]----+
         Starting Socket activation for snappy daemon.
[   11.740908] cloud-init[952]: |      ... . *o=+.|
[   11.749132] cloud-init[952]: |     o . + o.&oo.|
[   11.749445] cloud-init[952]: |    . . o . %.+o=|
[[0;32m  OK  [0m] Listening on UUID daemon activation socket.
[   11.749877] cloud-init[952]: |         o X *.++|
[   11.751619] cloud-init[952]: |        S B =.+.o|
[[0;32m  OK  [0m] Started Daily Cleanup of Temporary Directories.
[[   11.751691] cloud-init[952]: |       . o o oE. |
[   11.753801] cloud-init[952]: |          . . .  |
[   11.754393] cloud-init[952]: |           o .   |
[0;32m  OK  [0m] Listening on D-Bus System Message Bus Socket.
[   11.755004] cloud-init[952]: |          . .    |
[   11.755483] cloud-init[952]: +----[SHA256]-----+
[[   11.758569] cloud-init[952]: Generating public/private dsa key pair.
[   11.758795] cloud-init[952]: Your identification has been saved in /etc/ssh/ssh_host_dsa_key.
[0;32m  OK  [0m] Started Message of the Day.
[   11.758956] cloud-init[952]: Your public key has been saved in /etc/ssh/ssh_host_dsa_key.pub.
[   11.776882] cloud-init[952]: The key fingerprint is:
[   11.777107] cloud-init[952]: SHA256:OZ/Yn5B6nOTe7dU72g+LN3TqUt5yLAhJTwglY43zsno root@ubuntu-xenial
         Starting LXD - unix socket.
[[   11.777157] cloud-init[952]: The key's randomart image is:
[   11.785087] cloud-init[952]: +---[DSA 1024]----+
[0;32m  OK  [0m] Started Daily apt download activities.
[[   11.785167] cloud-init[952]: |        ++.      |
[0;32m  OK  [0m] Started Daily apt upgrade and clean activities.
[   11.786933] cloud-init[952]: |       .+o.      |
[[   11.788698] cloud-init[952]: |         + .     |
[   11.789928] cloud-init[952]: |        ..+ .    |[0;32m  OK  [0m
] Reached target Timers.
[   11.790289] cloud-init[952]: |        S+ +     |
[   11.798004] cloud-init[952]: |        .=+o. o o|
[   11.798570] cloud-init[952]: |       ..+*o =.=o|
[   11.799896] cloud-init[952]: |      . E.=+o+O==|
[   11.800237] cloud-init[952]: |       ..o. =**B+|
[[0;32m  OK  [0m] Started ACPI Events Check.
[[0;32m  OK  [0m[   11.801013] ] cloud-initReached target Paths.[952]: 
+----[SHA256]-----+
[   11.816692] cloud-init[952]: Generating public/private ecdsa key pair.
[   11.824897] cloud-init[952]: Your identification has been saved in /etc/ssh/ssh_host_ecdsa_key.
[   11.825166] cloud-init[952]: Your public key has been saved in /etc/ssh/ssh_host_ecdsa_key.pub.
[[0;32m  OK  [0m] Listening on Socket activation for snappy daemon.
[[0;32m  OK  [0m] Listening on LXD - unix socket.
[[0;32m  OK  [0m] Reached target Sockets.
[[0;32m  OK  [0m] Reached target Basic System.
[   11.825420] cloud-init[952]: The key fingerprint is:
[   11.831091]          cloud-initStarting LXD - container startup/shutdown...[952]: 
SHA256:CC2Fz2NAg2bYA4+ILJWxWXZJGXwP2+ftiYDSHXEkLGM root@ubuntu-xenial
[   11.832422] [cloud-init[0;32m  OK  [0m[952]: ] The key's randomart image is:Started FUSE filesystem for LXC.

[   11.832723] cloud-init[[0;32m  OK  [0m] Started D-Bus System Message Bus.
[952]: +---[ECDSA 256]---+
[   11.837535] cloud-init[952]: |.+o==+=+ ....    |
[   11.844495] cloud-init[952]: |=+B=o=+ E o..    |
[   11.846034] cloud-init[952]: |=++.o+.o B o     |
[   11.848312] cloud-init[952]: |.    o=.. + .    |
[   11.849551] cloud-init[952]: |     ..oSo + .   |
[   11.850348] cloud-init[952]: |      . o o . .  |
[   11.852269] cloud-init[952]: |       .   . o . |
[   11.853868] cloud-init[952]: |            . o  |
[   11.855970] cloud-init[952]: |                 |
[   11.858055] cloud-init[952]: +----[SHA256]-----+
[   11.860003] cloud-init[952]: Generating public/private ed25519 key pair.
[   11.862958] cloud-init[952]: Your identification has been saved in /etc/ssh/ssh_host_ed25519_key.
[   11.866240] cloud-init[952]: Your public key has been saved in /etc/ssh/ssh_host_ed25519_key.pub.
[   11.867956] cloud-init[952]: The key fingerprint is:
[   11.869887] cloud-init[952]: SHA256:WoC5KhpzEdR3xcBc49327/ihSZWP4xjKb6hnyk+W3UQ root@ubuntu-xenial
[   11.871523] cloud-init[952]: The key's randomart image is:
[   11.880390] cloud-init[952]: +--[ED25519 256]--+
[   11.881526] cloud-init[952]: |  ..   o.=+      |
[   11.888545]          cloud-initStarting LSB: MD monitoring daemon...[952]: 
| .  .o. +..o .   |
[   11.890208] [cloud-init[0;32m  OK  [0m[952]: ] |  . o...  . . E  |Started Regular background program processing daemon.

         Starting Login Service...
[   11.894212] cloud-init[952]: |   . . .     o ..|
[   11.905599] cloud-init[952]: |  . .   S     .o.|
[   11.906358] cloud-init[952]: |   o   o   o o..o|
[   11.912669] cloud-init[952]: |+ o   .   +.o.+.o|
[   11.920361]          Starting LSB: Record successful boot for GRUB...
cloud-init[952]: |.=     . ++.o+o+.|
[[0;32m  OK  [0m] Started ACPI event daemon.
[   11.929315] cloud-init[952]: |.       +*+oooo.o|
[   11.937634]          cloud-initStarting Virtualbox guest utils...[952]: 
+----[SHA256]-----+
         Starting Pollinate to seed the pseudo random number generator...
         Starting System Logging Service...
         Starting /etc/rc.local Compatibility...
[[0;32m  OK  [0m] Started Deferred execution scheduler.
         Starting Accounts Service...
         Starting Snappy daemon...
[[0;32m  OK  [0m] Started iSCSI initiator daemon (iscsid).
[[0;32m  OK  [0m] Started LXD - container startup/shutdown.
[[0;32m  OK  [0m] Started /etc/rc.local Compatibility.
[[0;32m  OK  [0m] Started System Logging Service.
[[0;32m  OK  [0m] Started Login Service.
[[0;32m  OK  [0m] Started Unattended Upgrades Shutdown.
         Starting Login to default iSCSI targets...
[[0;32m  OK  [0m] Started LSB: MD monitoring daemon.
[[0;32m  OK  [0m] Started LSB: Record successful boot for GRUB.
         Starting Authenticate and Authorize Users to Run Privileged Tasks...
[[0;32m  OK  [0m] Started Login to default iSCSI targets.
[[0;32m  OK  [0m] Reached target Remote File Systems (Pre).
[[0;32m  OK  [0m] Reached target Remote File Systems.
         Starting LSB: Set the CPU Frequency Scaling governor to "ondemand"...
         Starting Permit User Sessions...
         Starting LSB: automatic crash report generation...
         Starting LSB: daemon to balance interrupts for SMP systems...
[[0;32m  OK  [0m] Started Permit User Sessions.
[[0;32m  OK  [0m] Started Authenticate and Authorize Users to Run Privileged Tasks.
         Starting Hold until boot process finishes up...
         Starting Terminate Plymouth Boot Screen...
[[0;32m  OK  [0m] Started Hold until boot process finishes up.
[[0;32m  OK  [0m] Started Accounts Service.
[[0;32m  OK  [0m] Started Terminate Plymouth Boot Screen.
         Starting Set console scheme...
[[0;32m  OK  [0m] Started Serial Getty on ttyS0.
[[0;32m  OK  [0m] Started Getty on tty1.
[[0;32m  OK  [0m] Reached target Login Prompts.
[[0;32m  OK  [0m] Started Set console scheme.
[[0;32m  OK  [0m] Started LSB: daemon to balance interrupts for SMP systems.
[[0;32m  OK  [0m] Started LSB: Set the CPU Frequency Scaling governor to "ondemand".
[[0;32m  OK  [0m] Started LSB: automatic crash report generation.
[[0;32m  OK  [0m] Started Virtualbox guest utils.
[[0;32m  OK  [0m] Started Snappy daemon.
         Starting Wait until snapd is fully seeded...
[[0;32m  OK  [0m] Started Pollinate to seed the pseudo random number generator.
         Starting OpenBSD Secure Shell server...
[[0;32m  OK  [0m] Started OpenBSD Secure Shell server.
[[0;32m  OK  [0m] Created slice User Slice of vagrant.
         Starting User Manager for UID 1000...
[[0;32m  OK  [0m] Started Session 1 of user vagrant.
[[0;32m  OK  [0m] Started User Manager for UID 1000.
[[0;32m  OK  [0m] Started Wait until snapd is fully seeded.
[[0;32m  OK  [0m] Reached target Multi-User System.
[[0;32m  OK  [0m] Reached target Graphical Interface.
         Starting Update UTMP about System Runlevel Changes...
         Starting Apply the settings specified in cloud-config...
[[0;32m  OK  [0m] Started Update UTMP about System Runlevel Changes.
[   14.980461] cloud-init[1407]: Generating locales (this might take a while)...
         Stopping User Manager for UID 1000...
[[0;32m  OK  [0m] Stopped User Manager for UID 1000.
[[0;32m  OK  [0m] Removed slice User Slice of vagrant.
[[0;32m  OK  [0m] Created slice User Slice of vagrant.
         Starting User Manager for UID 1000...
[[0;32m  OK  [0m] Started Session 2 of user vagrant.
[   15.971703] cloud-init[1407]:   en_US.UTF-8... done
[   15.973666] cloud-init[1407]: Generation complete.
[[0;32m  OK  [0m] Started User Manager for UID 1000.
[   16.295910] cloud-init[1407]: Cloud-init v. 19.4-33-gbb4131a2-0ubuntu1~16.04.1 running 'modules:config' at Tue, 20 Oct 2020 20:09:22 +0000. Up 14.87 seconds.
[[0;32m  OK  [0m] Started Apply the settings specified in cloud-config.
         Starting Execute cloud user/final scripts...
ci-info: no authorized SSH keys fingerprints found for user ubuntu.
<14>Oct 20 20:09:24 ec2: 
<14>Oct 20 20:09:24 ec2: #############################################################
<14>Oct 20 20:09:24 ec2: -----BEGIN SSH HOST KEY FINGERPRINTS-----
<14>Oct 20 20:09:24 ec2: 1024 SHA256:OZ/Yn5B6nOTe7dU72g+LN3TqUt5yLAhJTwglY43zsno root@ubuntu-xenial (DSA)
<14>Oct 20 20:09:24 ec2: 256 SHA256:CC2Fz2NAg2bYA4+ILJWxWXZJGXwP2+ftiYDSHXEkLGM root@ubuntu-xenial (ECDSA)
<14>Oct 20 20:09:24 ec2: 256 SHA256:WoC5KhpzEdR3xcBc49327/ihSZWP4xjKb6hnyk+W3UQ root@ubuntu-xenial (ED25519)
<14>Oct 20 20:09:24 ec2: 2048 SHA256:djXgiFi1fy0UMdt9PRSInb4HYmnjLwZ0TWbhR/hDe8o root@ubuntu-xenial (RSA)
<14>Oct 20 20:09:24 ec2: -----END SSH HOST KEY FINGERPRINTS-----
<14>Oct 20 20:09:24 ec2: #############################################################
-----BEGIN SSH HOST KEY KEYS-----
ecdsa-sha2-nistp256 AAAAE2VjZHNhLXNoYTItbmlzdHAyNTYAAAAIbmlzdHAyNTYAAABBBNOew3Ho10m/1Stqw3bPBTtFD5p9E7h4vU5z6Dz6uBnF/nqeYhYW8bOM54xStnV9Gww0MC0aE3bnVYhrXFEs5as= root@ubuntu-xenial
ssh-ed25519 AAAAC3NzaC1lZDI1NTE5AAAAIPH+qx3XIhQXXDKR4pa66rSRMlyFQZdhfFD/cgO2e3sA root@ubuntu-xenial
ssh-rsa AAAAB3NzaC1yc2EAAAADAQABAAABAQC0WLxmxqmn0rIK7sWoVaiaU3k8PEzLuNI8fb8VFswfdk63mS+ptCuMLnNTkeHGXjSNjRnk1dZHSLgrO38nQBA1PQRMPVEB9wUPWy5ry8eu148q8eodjmmiLVGpECICKSgdIN+gXIGCg6PLINA2Q/0MFxK3cu2rmTS8ziI/qZX/1clz2svqiQkk1E0TasVJkMtFjUIG7CUQoBqEKCqL5d120iVmO83YdvFjVC7KMTklv4zbFc015aGkYfh7mevJkCNsuA1lBr/ZPaNI55TirBsWsUiePEU6ydxIDwZ431Zn8qQm5TBaQop6gpwawDkHF23zfUM8O/V5Weg1dZ3RaXrZ root@ubuntu-xenial
-----END SSH HOST KEY KEYS-----
[   16.973931] cloud-init[1621]: Cloud-init v. 19.4-33-gbb4131a2-0ubuntu1~16.04.1 running 'modules:final' at Tue, 20 Oct 2020 20:09:24 +0000. Up 16.83 seconds.
[   16.976420] cloud-init[1621]: ci-info: no authorized SSH keys fingerprints found for user ubuntu.
[   16.985231] cloud-init[1621]: Cloud-init v. 19.4-33-gbb4131a2-0ubuntu1~16.04.1 finished at Tue, 20 Oct 2020 20:09:24 +0000. Datasource DataSourceNoCloud [seed=/dev/sdb][dsmode=net].  Up 16.96 seconds
[[0;32m  OK  [0m] Started Execute cloud user/final scripts.
[[0;32m  OK  [0m] Reached target Cloud-init target.

Ubuntu 16.04.6 LTS ubuntu-xenial ttyS0

ubuntu-xenial login: 